<?xml version="1.0" encoding="UTF-8"?>
<coverage generated="1747852667828" clover="3.2.0">
  <project timestamp="1747852667828" name="All files">
    <metrics statements="55" coveredstatements="55" conditionals="52" coveredconditionals="52" methods="9" coveredmethods="9" elements="116" coveredelements="116" complexity="0" loc="55" ncloc="55" packages="1" files="7" classes="7"/>
    <file name="createEl.ts" path="C:\wamp64\www\js-helpers\src\createEl.ts">
      <metrics statements="16" coveredstatements="16" conditionals="17" coveredconditionals="17" methods="2" coveredmethods="2"/>
      <line num="5" count="10" type="cond" truecount="1" falsecount="0"/>
      <line num="6" count="8" type="cond" truecount="3" falsecount="0"/>
      <line num="8" count="7" type="stmt"/>
      <line num="10" count="7" type="cond" truecount="1" falsecount="0"/>
      <line num="11" count="5" type="stmt"/>
      <line num="12" count="15" type="cond" truecount="1" falsecount="0"/>
      <line num="19" count="4" type="cond" truecount="3" falsecount="0"/>
      <line num="20" count="2" type="stmt"/>
      <line num="25" count="4" type="stmt"/>
      <line num="28" count="11" type="stmt"/>
      <line num="30" count="11" type="cond" truecount="1" falsecount="0"/>
      <line num="31" count="1" type="stmt"/>
      <line num="33" count="1" type="stmt"/>
      <line num="36" count="10" type="stmt"/>
      <line num="37" count="10" type="stmt"/>
      <line num="41" count="7" type="stmt"/>
    </file>
    <file name="cssDurationToMs.ts" path="C:\wamp64\www\js-helpers\src\cssDurationToMs.ts">
      <metrics statements="10" coveredstatements="10" conditionals="8" coveredconditionals="8" methods="1" coveredmethods="1"/>
      <line num="4" count="19" type="cond" truecount="1" falsecount="0"/>
      <line num="6" count="14" type="stmt"/>
      <line num="8" count="14" type="cond" truecount="7" falsecount="0"/>
      <line num="10" count="2" type="stmt"/>
      <line num="13" count="2" type="stmt"/>
      <line num="16" count="2" type="stmt"/>
      <line num="19" count="1" type="stmt"/>
      <line num="22" count="1" type="stmt"/>
      <line num="25" count="1" type="stmt"/>
      <line num="28" count="5" type="stmt"/>
    </file>
    <file name="getAverage.ts" path="C:\wamp64\www\js-helpers\src\getAverage.ts">
      <metrics statements="9" coveredstatements="9" conditionals="10" coveredconditionals="10" methods="2" coveredmethods="2"/>
      <line num="2" count="15" type="cond" truecount="3" falsecount="0"/>
      <line num="3" count="4" type="stmt"/>
      <line num="4" count="11" type="cond" truecount="3" falsecount="0"/>
      <line num="6" count="31" type="stmt"/>
      <line num="8" count="10" type="cond" truecount="1" falsecount="0"/>
      <line num="10" count="7" type="cond" truecount="3" falsecount="0"/>
      <line num="12" count="1" type="stmt"/>
      <line num="15" count="1" type="stmt"/>
      <line num="18" count="5" type="stmt"/>
    </file>
    <file name="getCssPropValue.ts" path="C:\wamp64\www\js-helpers\src\getCssPropValue.ts">
      <metrics statements="5" coveredstatements="5" conditionals="6" coveredconditionals="6" methods="1" coveredmethods="1"/>
      <line num="2" count="8" type="cond" truecount="3" falsecount="0"/>
      <line num="3" count="5" type="cond" truecount="1" falsecount="0"/>
      <line num="5" count="4" type="stmt"/>
      <line num="6" count="4" type="stmt"/>
      <line num="8" count="4" type="cond" truecount="2" falsecount="0"/>
    </file>
    <file name="getCssUnit.ts" path="C:\wamp64\www\js-helpers\src\getCssUnit.ts">
      <metrics statements="7" coveredstatements="7" conditionals="4" coveredconditionals="4" methods="1" coveredmethods="1"/>
      <line num="2" count="29" type="cond" truecount="1" falsecount="0"/>
      <line num="4" count="25" type="stmt"/>
      <line num="5" count="25" type="stmt"/>
      <line num="7" count="25" type="stmt"/>
      <line num="8" count="57" type="cond" truecount="1" falsecount="0"/>
      <line num="9" count="24" type="cond" truecount="2" falsecount="0"/>
      <line num="13" count="1" type="stmt"/>
    </file>
    <file name="getPseudoRandomIntBetween.ts" path="C:\wamp64\www\js-helpers\src\getPseudoRandomIntBetween.ts">
      <metrics statements="7" coveredstatements="7" conditionals="7" coveredconditionals="7" methods="1" coveredmethods="1"/>
      <line num="2" count="7" type="cond" truecount="3" falsecount="0"/>
      <line num="3" count="2" type="stmt"/>
      <line num="4" count="5" type="cond" truecount="4" falsecount="0"/>
      <line num="5" count="3" type="stmt"/>
      <line num="9" count="2" type="stmt"/>
      <line num="10" count="2" type="stmt"/>
      <line num="12" count="2" type="stmt"/>
    </file>
    <file name="isMotionAllowed.ts" path="C:\wamp64\www\js-helpers\src\isMotionAllowed.ts">
      <metrics statements="1" coveredstatements="1" conditionals="0" coveredconditionals="0" methods="1" coveredmethods="1"/>
      <line num="2" count="3" type="stmt"/>
    </file>
  </project>
</coverage>
