<?xml version="1.0" encoding="UTF-8"?>
<coverage generated="1699406813881" clover="3.2.0">
  <project timestamp="1699406813881" name="All files">
    <metrics statements="29" coveredstatements="29" conditionals="18" coveredconditionals="18" methods="4" coveredmethods="4" elements="51" coveredelements="51" complexity="0" loc="29" ncloc="29" packages="1" files="3" classes="3"/>
    <file name="cssTimeToMs.ts" path="C:\wamp64\www\js-helpers\src\cssTimeToMs.ts">
      <metrics statements="12" coveredstatements="12" conditionals="9" coveredconditionals="9" methods="1" coveredmethods="1"/>
      <line num="1" count="1" type="stmt"/>
      <line num="4" count="15" type="stmt"/>
      <line num="6" count="15" type="cond" truecount="9" falsecount="0"/>
      <line num="9" count="5" type="stmt"/>
      <line num="12" count="1" type="stmt"/>
      <line num="15" count="2" type="stmt"/>
      <line num="18" count="1" type="stmt"/>
      <line num="21" count="2" type="stmt"/>
      <line num="24" count="2" type="stmt"/>
      <line num="27" count="1" type="stmt"/>
      <line num="30" count="1" type="stmt"/>
      <line num="34" count="1" type="stmt"/>
    </file>
    <file name="getAverage.ts" path="C:\wamp64\www\js-helpers\src\getAverage.ts">
      <metrics statements="8" coveredstatements="8" conditionals="4" coveredconditionals="4" methods="2" coveredmethods="2"/>
      <line num="2" count="12" type="cond" truecount="1" falsecount="0"/>
      <line num="3" count="10" type="stmt"/>
      <line num="6" count="31" type="stmt"/>
      <line num="8" count="10" type="cond" truecount="3" falsecount="0"/>
      <line num="10" count="1" type="stmt"/>
      <line num="13" count="1" type="stmt"/>
      <line num="16" count="8" type="stmt"/>
      <line num="20" count="1" type="stmt"/>
    </file>
    <file name="getCssUnit.ts" path="C:\wamp64\www\js-helpers\src\getCssUnit.ts">
      <metrics statements="9" coveredstatements="9" conditionals="5" coveredconditionals="5" methods="1" coveredmethods="1"/>
      <line num="2" count="29" type="cond" truecount="1" falsecount="0"/>
      <line num="4" count="28" type="stmt"/>
      <line num="6" count="28" type="cond" truecount="1" falsecount="0"/>
      <line num="8" count="24" type="stmt"/>
      <line num="10" count="24" type="stmt"/>
      <line num="11" count="55" type="cond" truecount="1" falsecount="0"/>
      <line num="12" count="23" type="cond" truecount="2" falsecount="0"/>
      <line num="16" count="1" type="stmt"/>
      <line num="19" count="2" type="stmt"/>
    </file>
  </project>
</coverage>
