{"C:\\wamp64\\www\\js-helpers\\src\\createEl.ts": {"path":"C:\\wamp64\\www\\js-helpers\\src\\createEl.ts","statementMap":{"0":{"start":{"line":5,"column":4},"end":{"line":5,"column":86}},"1":{"start":{"line":5,"column":37},"end":{"line":5,"column":86}},"2":{"start":{"line":6,"column":4},"end":{"line":6,"column":92}},"3":{"start":{"line":6,"column":44},"end":{"line":6,"column":92}},"4":{"start":{"line":8,"column":15},"end":{"line":8,"column":46}},"5":{"start":{"line":10,"column":4},"end":{"line":32,"column":5}},"6":{"start":{"line":11,"column":8},"end":{"line":31,"column":9}},"7":{"start":{"line":12,"column":12},"end":{"line":18,"column":25}},"8":{"start":{"line":18,"column":16},"end":{"line":18,"column":25}},"9":{"start":{"line":21,"column":16},"end":{"line":21,"column":99}},"10":{"start":{"line":23,"column":12},"end":{"line":27,"column":13}},"11":{"start":{"line":24,"column":16},"end":{"line":24,"column":37}},"12":{"start":{"line":26,"column":16},"end":{"line":26,"column":25}},"13":{"start":{"line":29,"column":30},"end":{"line":29,"column":92}},"14":{"start":{"line":29,"column":65},"end":{"line":29,"column":91}},"15":{"start":{"line":30,"column":12},"end":{"line":30,"column":44}},"16":{"start":{"line":34,"column":4},"end":{"line":34,"column":14}}},"fnMap":{"0":{"name":"createEl","decl":{"start":{"line":4,"column":9},"end":{"line":4,"column":17}},"loc":{"start":{"line":4,"column":91},"end":{"line":35,"column":1}}},"1":{"name":"(anonymous_1)","decl":{"start":{"line":29,"column":53},"end":{"line":29,"column":54}},"loc":{"start":{"line":29,"column":65},"end":{"line":29,"column":91}}}},"branchMap":{"0":{"loc":{"start":{"line":5,"column":4},"end":{"line":5,"column":86}},"type":"if","locations":[{"start":{"line":5,"column":4},"end":{"line":5,"column":86}}]},"1":{"loc":{"start":{"line":6,"column":4},"end":{"line":6,"column":92}},"type":"if","locations":[{"start":{"line":6,"column":4},"end":{"line":6,"column":92}}]},"2":{"loc":{"start":{"line":6,"column":8},"end":{"line":6,"column":42}},"type":"binary-expr","locations":[{"start":{"line":6,"column":8},"end":{"line":6,"column":13}},{"start":{"line":6,"column":17},"end":{"line":6,"column":42}}]},"3":{"loc":{"start":{"line":10,"column":4},"end":{"line":32,"column":5}},"type":"if","locations":[{"start":{"line":10,"column":4},"end":{"line":32,"column":5}}]},"4":{"loc":{"start":{"line":12,"column":12},"end":{"line":18,"column":25}},"type":"if","locations":[{"start":{"line":12,"column":12},"end":{"line":18,"column":25}}]},"5":{"loc":{"start":{"line":13,"column":16},"end":{"line":16,"column":32}},"type":"binary-expr","locations":[{"start":{"line":13,"column":17},"end":{"line":13,"column":43}},{"start":{"line":14,"column":20},"end":{"line":14,"column":46}},{"start":{"line":15,"column":20},"end":{"line":15,"column":47}},{"start":{"line":16,"column":16},"end":{"line":16,"column":32}}]},"6":{"loc":{"start":{"line":21,"column":16},"end":{"line":21,"column":99}},"type":"cond-expr","locations":[{"start":{"line":21,"column":76},"end":{"line":21,"column":90}},{"start":{"line":21,"column":93},"end":{"line":21,"column":99}}]},"7":{"loc":{"start":{"line":21,"column":16},"end":{"line":21,"column":73}},"type":"binary-expr","locations":[{"start":{"line":21,"column":16},"end":{"line":21,"column":42}},{"start":{"line":21,"column":46},"end":{"line":21,"column":73}}]},"8":{"loc":{"start":{"line":23,"column":12},"end":{"line":27,"column":13}},"type":"if","locations":[{"start":{"line":23,"column":12},"end":{"line":27,"column":13}}]}},"s":{"0":10,"1":2,"2":8,"3":1,"4":7,"5":7,"6":5,"7":15,"8":4,"9":11,"10":11,"11":1,"12":1,"13":10,"14":1,"15":10,"16":7},"f":{"0":10,"1":1},"b":{"0":[2],"1":[1],"2":[8,6],"3":[5],"4":[4],"5":[15,7,5,12],"6":[3,8],"7":[11,9],"8":[1]}}
,"C:\\wamp64\\www\\js-helpers\\src\\cssDurationToMs.ts": {"path":"C:\\wamp64\\www\\js-helpers\\src\\cssDurationToMs.ts","statementMap":{"0":{"start":{"line":4,"column":4},"end":{"line":4,"column":94}},"1":{"start":{"line":4,"column":38},"end":{"line":4,"column":94}},"2":{"start":{"line":6,"column":25},"end":{"line":6,"column":52}},"3":{"start":{"line":8,"column":4},"end":{"line":29,"column":5}},"4":{"start":{"line":10,"column":12},"end":{"line":10,"column":32}},"5":{"start":{"line":13,"column":12},"end":{"line":13,"column":39}},"6":{"start":{"line":16,"column":12},"end":{"line":16,"column":40}},"7":{"start":{"line":19,"column":12},"end":{"line":19,"column":42}},"8":{"start":{"line":22,"column":12},"end":{"line":22,"column":43}},"9":{"start":{"line":25,"column":12},"end":{"line":25,"column":44}},"10":{"start":{"line":28,"column":12},"end":{"line":28,"column":24}}},"fnMap":{"0":{"name":"cssDurationToMs","decl":{"start":{"line":3,"column":9},"end":{"line":3,"column":24}},"loc":{"start":{"line":3,"column":41},"end":{"line":30,"column":1}}}},"branchMap":{"0":{"loc":{"start":{"line":4,"column":4},"end":{"line":4,"column":94}},"type":"if","locations":[{"start":{"line":4,"column":4},"end":{"line":4,"column":94}}]},"1":{"loc":{"start":{"line":8,"column":4},"end":{"line":29,"column":5}},"type":"switch","locations":[{"start":{"line":9,"column":8},"end":{"line":10,"column":32}},{"start":{"line":12,"column":8},"end":{"line":13,"column":39}},{"start":{"line":15,"column":8},"end":{"line":16,"column":40}},{"start":{"line":18,"column":8},"end":{"line":19,"column":42}},{"start":{"line":21,"column":8},"end":{"line":22,"column":43}},{"start":{"line":24,"column":8},"end":{"line":25,"column":44}},{"start":{"line":27,"column":8},"end":{"line":28,"column":24}}]}},"s":{"0":19,"1":5,"2":14,"3":14,"4":2,"5":2,"6":2,"7":1,"8":1,"9":1,"10":5},"f":{"0":19},"b":{"0":[5],"1":[2,2,2,1,1,1,5]}}
,"C:\\wamp64\\www\\js-helpers\\src\\getAverage.ts": {"path":"C:\\wamp64\\www\\js-helpers\\src\\getAverage.ts","statementMap":{"0":{"start":{"line":2,"column":4},"end":{"line":2,"column":82}},"1":{"start":{"line":2,"column":33},"end":{"line":2,"column":82}},"2":{"start":{"line":3,"column":4},"end":{"line":3,"column":89}},"3":{"start":{"line":3,"column":44},"end":{"line":3,"column":89}},"4":{"start":{"line":5,"column":20},"end":{"line":5,"column":81}},"5":{"start":{"line":5,"column":50},"end":{"line":5,"column":60}},"6":{"start":{"line":7,"column":4},"end":{"line":7,"column":93}},"7":{"start":{"line":7,"column":31},"end":{"line":7,"column":93}},"8":{"start":{"line":9,"column":4},"end":{"line":18,"column":5}},"9":{"start":{"line":11,"column":12},"end":{"line":11,"column":39}},"10":{"start":{"line":14,"column":12},"end":{"line":14,"column":38}},"11":{"start":{"line":17,"column":12},"end":{"line":17,"column":27}}},"fnMap":{"0":{"name":"getAverage","decl":{"start":{"line":1,"column":9},"end":{"line":1,"column":19}},"loc":{"start":{"line":1,"column":63},"end":{"line":19,"column":1}}},"1":{"name":"(anonymous_1)","decl":{"start":{"line":5,"column":35},"end":{"line":5,"column":36}},"loc":{"start":{"line":5,"column":50},"end":{"line":5,"column":60}}}},"branchMap":{"0":{"loc":{"start":{"line":2,"column":4},"end":{"line":2,"column":82}},"type":"if","locations":[{"start":{"line":2,"column":4},"end":{"line":2,"column":82}}]},"1":{"loc":{"start":{"line":3,"column":4},"end":{"line":3,"column":89}},"type":"if","locations":[{"start":{"line":3,"column":4},"end":{"line":3,"column":89}}]},"2":{"loc":{"start":{"line":3,"column":8},"end":{"line":3,"column":42}},"type":"binary-expr","locations":[{"start":{"line":3,"column":8},"end":{"line":3,"column":13}},{"start":{"line":3,"column":17},"end":{"line":3,"column":42}}]},"3":{"loc":{"start":{"line":7,"column":4},"end":{"line":7,"column":93}},"type":"if","locations":[{"start":{"line":7,"column":4},"end":{"line":7,"column":93}}]},"4":{"loc":{"start":{"line":9,"column":4},"end":{"line":18,"column":5}},"type":"switch","locations":[{"start":{"line":10,"column":8},"end":{"line":11,"column":39}},{"start":{"line":13,"column":8},"end":{"line":14,"column":38}},{"start":{"line":16,"column":8},"end":{"line":17,"column":27}}]}},"s":{"0":15,"1":3,"2":12,"3":1,"4":11,"5":31,"6":11,"7":4,"8":7,"9":1,"10":1,"11":5},"f":{"0":15,"1":31},"b":{"0":[3],"1":[1],"2":[12,3],"3":[4],"4":[1,1,5]}}
,"C:\\wamp64\\www\\js-helpers\\src\\getCssPropValue.ts": {"path":"C:\\wamp64\\www\\js-helpers\\src\\getCssPropValue.ts","statementMap":{"0":{"start":{"line":2,"column":4},"end":{"line":2,"column":93}},"1":{"start":{"line":2,"column":47},"end":{"line":2,"column":93}},"2":{"start":{"line":3,"column":4},"end":{"line":3,"column":80}},"3":{"start":{"line":3,"column":34},"end":{"line":3,"column":80}},"4":{"start":{"line":5,"column":21},"end":{"line":5,"column":48}},"5":{"start":{"line":6,"column":22},"end":{"line":6,"column":53}},"6":{"start":{"line":8,"column":4},"end":{"line":8,"column":47}}},"fnMap":{"0":{"name":"getCssPropValue","decl":{"start":{"line":1,"column":9},"end":{"line":1,"column":24}},"loc":{"start":{"line":1,"column":50},"end":{"line":9,"column":1}}}},"branchMap":{"0":{"loc":{"start":{"line":2,"column":4},"end":{"line":2,"column":93}},"type":"if","locations":[{"start":{"line":2,"column":4},"end":{"line":2,"column":93}}]},"1":{"loc":{"start":{"line":2,"column":8},"end":{"line":2,"column":45}},"type":"binary-expr","locations":[{"start":{"line":2,"column":8},"end":{"line":2,"column":30}},{"start":{"line":2,"column":34},"end":{"line":2,"column":45}}]},"2":{"loc":{"start":{"line":3,"column":4},"end":{"line":3,"column":80}},"type":"if","locations":[{"start":{"line":3,"column":4},"end":{"line":3,"column":80}}]},"3":{"loc":{"start":{"line":8,"column":11},"end":{"line":8,"column":46}},"type":"cond-expr","locations":[{"start":{"line":8,"column":30},"end":{"line":8,"column":39}},{"start":{"line":8,"column":42},"end":{"line":8,"column":46}}]}},"s":{"0":8,"1":3,"2":5,"3":1,"4":4,"5":4,"6":4},"f":{"0":8},"b":{"0":[3],"1":[8,6],"2":[1],"3":[1,3]}}
,"C:\\wamp64\\www\\js-helpers\\src\\getCssUnit.ts": {"path":"C:\\wamp64\\www\\js-helpers\\src\\getCssUnit.ts","statementMap":{"0":{"start":{"line":2,"column":4},"end":{"line":2,"column":82}},"1":{"start":{"line":2,"column":35},"end":{"line":2,"column":82}},"2":{"start":{"line":4,"column":19},"end":{"line":4,"column":31}},"3":{"start":{"line":5,"column":12},"end":{"line":5,"column":18}},"4":{"start":{"line":7,"column":4},"end":{"line":11,"column":5}},"5":{"start":{"line":8,"column":8},"end":{"line":10,"column":9}},"6":{"start":{"line":9,"column":12},"end":{"line":9,"column":54}},"7":{"start":{"line":13,"column":4},"end":{"line":13,"column":16}}},"fnMap":{"0":{"name":"getCssUnit","decl":{"start":{"line":1,"column":9},"end":{"line":1,"column":19}},"loc":{"start":{"line":1,"column":33},"end":{"line":14,"column":1}}}},"branchMap":{"0":{"loc":{"start":{"line":2,"column":4},"end":{"line":2,"column":82}},"type":"if","locations":[{"start":{"line":2,"column":4},"end":{"line":2,"column":82}}]},"1":{"loc":{"start":{"line":8,"column":8},"end":{"line":10,"column":9}},"type":"if","locations":[{"start":{"line":8,"column":8},"end":{"line":10,"column":9}}]},"2":{"loc":{"start":{"line":9,"column":19},"end":{"line":9,"column":53}},"type":"binary-expr","locations":[{"start":{"line":9,"column":19},"end":{"line":9,"column":45}},{"start":{"line":9,"column":49},"end":{"line":9,"column":53}}]}},"s":{"0":29,"1":4,"2":25,"3":25,"4":25,"5":57,"6":24,"7":1},"f":{"0":29},"b":{"0":[4],"1":[24],"2":[24,6]}}
,"C:\\wamp64\\www\\js-helpers\\src\\getPseudoRandomIntBetween.ts": {"path":"C:\\wamp64\\www\\js-helpers\\src\\getPseudoRandomIntBetween.ts","statementMap":{"0":{"start":{"line":2,"column":4},"end":{"line":3,"column":67}},"1":{"start":{"line":3,"column":8},"end":{"line":3,"column":67}},"2":{"start":{"line":4,"column":4},"end":{"line":7,"column":10}},"3":{"start":{"line":5,"column":8},"end":{"line":7,"column":10}},"4":{"start":{"line":9,"column":4},"end":{"line":9,"column":25}},"5":{"start":{"line":10,"column":4},"end":{"line":10,"column":26}},"6":{"start":{"line":12,"column":4},"end":{"line":12,"column":57}}},"fnMap":{"0":{"name":"getPseudoRandomIntBetween","decl":{"start":{"line":1,"column":9},"end":{"line":1,"column":34}},"loc":{"start":{"line":1,"column":59},"end":{"line":13,"column":1}}}},"branchMap":{"0":{"loc":{"start":{"line":2,"column":4},"end":{"line":3,"column":67}},"type":"if","locations":[{"start":{"line":2,"column":4},"end":{"line":3,"column":67}}]},"1":{"loc":{"start":{"line":2,"column":8},"end":{"line":2,"column":58}},"type":"binary-expr","locations":[{"start":{"line":2,"column":8},"end":{"line":2,"column":31}},{"start":{"line":2,"column":35},"end":{"line":2,"column":58}}]},"2":{"loc":{"start":{"line":4,"column":4},"end":{"line":7,"column":10}},"type":"if","locations":[{"start":{"line":4,"column":4},"end":{"line":7,"column":10}}]},"3":{"loc":{"start":{"line":4,"column":8},"end":{"line":4,"column":39}},"type":"binary-expr","locations":[{"start":{"line":4,"column":8},"end":{"line":4,"column":15}},{"start":{"line":4,"column":19},"end":{"line":4,"column":26}},{"start":{"line":4,"column":30},"end":{"line":4,"column":39}}]}},"s":{"0":7,"1":2,"2":5,"3":3,"4":2,"5":2,"6":2},"f":{"0":7},"b":{"0":[2],"1":[7,6],"2":[3],"3":[5,3,3]}}
}
