TN:
SF:src\createEl.ts
FN:1,createEl
FN:36,(anonymous_1)
FNF:2
FNH:2
FNDA:10,createEl
FNDA:1,(anonymous_1)
DA:5,10
DA:6,8
DA:8,7
DA:10,7
DA:11,5
DA:12,15
DA:19,4
DA:20,2
DA:25,4
DA:28,11
DA:30,11
DA:31,1
DA:33,1
DA:36,10
DA:37,10
DA:41,7
LF:16
LH:16
BRDA:5,0,0,2
BRDA:6,1,0,1
BRDA:6,2,0,8
BRDA:6,2,1,6
BRDA:10,3,0,5
BRDA:12,4,0,4
BRDA:13,5,0,15
BRDA:13,5,1,7
BRDA:13,5,2,5
BRDA:13,5,3,12
BRDA:13,5,4,11
BRDA:19,6,0,2
BRDA:19,7,0,4
BRDA:19,7,1,3
BRDA:21,8,0,1
BRDA:21,8,1,1
BRDA:30,9,0,1
BRF:17
BRH:17
end_of_record
TN:
SF:src\cssDurationToMs.ts
FN:3,cssDurationToMs
FNF:1
FNH:1
FNDA:19,cssDurationToMs
DA:4,19
DA:6,14
DA:8,14
DA:10,2
DA:13,2
DA:16,2
DA:19,1
DA:22,1
DA:25,1
DA:28,5
LF:10
LH:10
BRDA:4,0,0,5
BRDA:8,1,0,2
BRDA:8,1,1,2
BRDA:8,1,2,2
BRDA:8,1,3,1
BRDA:8,1,4,1
BRDA:8,1,5,1
BRDA:8,1,6,5
BRF:8
BRH:8
end_of_record
TN:
SF:src\getAverage.ts
FN:1,getAverage
FN:6,(anonymous_1)
FNF:2
FNH:2
FNDA:15,getAverage
FNDA:31,(anonymous_1)
DA:2,15
DA:3,4
DA:4,11
DA:6,31
DA:8,10
DA:10,7
DA:12,1
DA:15,1
DA:18,5
LF:9
LH:9
BRDA:2,0,0,4
BRDA:2,1,0,15
BRDA:2,1,1,12
BRDA:4,2,0,1
BRDA:4,3,0,11
BRDA:4,3,1,3
BRDA:8,4,0,3
BRDA:10,5,0,1
BRDA:10,5,1,1
BRDA:10,5,2,5
BRF:10
BRH:10
end_of_record
TN:
SF:src\getCssPropValue.ts
FN:1,getCssPropValue
FNF:1
FNH:1
FNDA:8,getCssPropValue
DA:2,8
DA:3,5
DA:5,4
DA:6,4
DA:8,4
LF:5
LH:5
BRDA:2,0,0,3
BRDA:2,1,0,8
BRDA:2,1,1,6
BRDA:3,2,0,1
BRDA:8,3,0,1
BRDA:8,3,1,3
BRF:6
BRH:6
end_of_record
TN:
SF:src\getCssUnit.ts
FN:1,getCssUnit
FNF:1
FNH:1
FNDA:29,getCssUnit
DA:2,29
DA:4,25
DA:5,25
DA:7,25
DA:8,57
DA:9,24
DA:13,1
LF:7
LH:7
BRDA:2,0,0,4
BRDA:8,1,0,24
BRDA:9,2,0,24
BRDA:9,2,1,6
BRF:4
BRH:4
end_of_record
TN:
SF:src\getPseudoRandomIntBetween.ts
FN:1,getPseudoRandomIntBetween
FNF:1
FNH:1
FNDA:7,getPseudoRandomIntBetween
DA:2,7
DA:3,2
DA:4,5
DA:5,3
DA:9,2
DA:10,2
DA:12,2
LF:7
LH:7
BRDA:2,0,0,2
BRDA:2,1,0,7
BRDA:2,1,1,6
BRDA:4,2,0,3
BRDA:4,3,0,5
BRDA:4,3,1,3
BRDA:4,3,2,3
BRF:7
BRH:7
end_of_record
TN:
SF:src\isMotionAllowed.ts
FN:1,isMotionAllowed
FNF:1
FNH:1
FNDA:3,isMotionAllowed
DA:2,3
LF:1
LH:1
BRF:0
BRH:0
end_of_record
