TN:
SF:src\cssTimeToMs.ts
FN:3,cssTimeToMs
FNF:1
FNH:1
FNDA:15,cssTimeToMs
DA:1,1
DA:4,15
DA:6,15
DA:9,5
DA:12,1
DA:15,2
DA:18,1
DA:21,2
DA:24,2
DA:27,1
DA:30,1
DA:34,1
LF:12
LH:12
BRDA:6,0,0,4
BRDA:6,0,1,5
BRDA:6,0,2,1
BRDA:6,0,3,2
BRDA:6,0,4,1
BRDA:6,0,5,2
BRDA:6,0,6,2
BRDA:6,0,7,1
BRDA:6,0,8,1
BRF:9
BRH:9
end_of_record
TN:
SF:src\getAverage.ts
FN:1,getAverage
FN:6,(anonymous_1)
FNF:2
FNH:2
FNDA:12,getAverage
FNDA:31,(anonymous_1)
DA:2,12
DA:3,10
DA:6,31
DA:8,10
DA:10,1
DA:13,1
DA:16,8
DA:20,1
LF:8
LH:8
BRDA:2,0,0,10
BRDA:8,1,0,1
BRDA:8,1,1,1
BRDA:8,1,2,8
BRF:4
BRH:4
end_of_record
TN:
SF:src\getCssUnit.ts
FN:1,getCssUnit
FNF:1
FNH:1
FNDA:29,getCssUnit
DA:2,29
DA:4,28
DA:6,28
DA:8,24
DA:10,24
DA:11,55
DA:12,23
DA:16,1
DA:19,2
LF:9
LH:9
BRDA:2,0,0,1
BRDA:6,1,0,4
BRDA:11,2,0,23
BRDA:12,3,0,23
BRDA:12,3,1,5
BRF:5
BRH:5
end_of_record
